d:\test_3d\render3dmodule_中文测试\render3dmodule\debug\vc140.pdb
d:\3d\render3dmodule_中文测试\render3dmodule\debug\vc140.pdb
d:\3d\render3dmodule_中文测试\render3dmodule\debug\vc140.idb
d:\3d\render3dmodule_中文测试\render3dmodule\debug\exrrender.obj
d:\3d\render3dmodule_中文测试\render3dmodule\debug\help.obj
d:\3d\render3dmodule_中文测试\render3dmodule\debug\initializer.obj
d:\3d\render3dmodule_中文测试\render3dmodule\debug\labelchanger.obj
d:\3d\render3dmodule_中文测试\render3dmodule\debug\objanalysis.obj
d:\3d\render3dmodule_中文测试\render3dmodule\debug\objholder.obj
d:\3d\render3dmodule_中文测试\render3dmodule\debug\render3dmodule.obj
d:\3d\render3dmodule_中文测试\render3dmodule\debug\statistics.obj
d:\3d\render3dmodule_中文测试\render3dmodule\debug\targetrender.obj
d:\3d\render3dmodule_中文测试\render3dmodule\debug\xmlcreator.obj
d:\test_3d\render3dmodule_中文测试\debug\render3dmodule.ilk
d:\test_3d\render3dmodule_中文测试\debug\render3dmodule.exe
d:\test_3d\render3dmodule_中文测试\debug\render3dmodule.pdb
d:\3d\render3dmodule_中文测试\debug\render3dmodule.ilk
d:\3d\render3dmodule_中文测试\debug\render3dmodule.exe
d:\3d\render3dmodule_中文测试\debug\render3dmodule.pdb
d:\3d\render3dmodule_中文测试\render3dmodule\debug\render3dmodule.tlog\cl.command.1.tlog
d:\3d\render3dmodule_中文测试\render3dmodule\debug\render3dmodule.tlog\cl.read.1.tlog
d:\3d\render3dmodule_中文测试\render3dmodule\debug\render3dmodule.tlog\cl.write.1.tlog
d:\3d\render3dmodule_中文测试\render3dmodule\debug\render3dmodule.tlog\link.command.1.tlog
d:\3d\render3dmodule_中文测试\render3dmodule\debug\render3dmodule.tlog\link.read.1.tlog
d:\3d\render3dmodule_中文测试\render3dmodule\debug\render3dmodule.tlog\link.write.1.tlog
