[2019-08-04 10:57:39.429] [main] [info] ===================================================================================
[2019-08-04 10:57:39.432] [main] [info] ============================  Start to Render Objects  ============================
[2019-08-04 10:57:39.432] [main] [info] ===================================================================================
[2019-08-04 10:57:39.432] [main] [info] =>[begin to render in path: D:\Data\3D\Render\RenderData]
[2019-08-04 10:57:39.433] [main] [info] =>[STATISTICS]  total number of objects: [2]
[2019-08-04 10:57:39.433] [main] [info] =>[NO.1] [14042_750_mL_Wine_Bottle_r_v1_L3]
[2019-08-04 10:57:41.606] [main] [info] ->[14042_750_mL_Wine_Bottle_r_v1_L3]: objRoi(leftTopX,leftTopY,rightBottomX,rightBottomY)=(386,371,580,593)
[2019-08-04 10:57:41.651] [main] [info] ->[14042_750_mL_Wine_Bottle_r_v1_L3]: begin to create new textures for this object in path D:\Data\3D\Render\RenderData\dst_xml\14042_750_mL_Wine_Bottle_r_v1_L3_texture\
[2019-08-04 10:57:41.955] [main] [info] ->[14042_750_mL_Wine_Bottle_r_v1_L3]: baseObjScale=0.40 rotate(x,y,z)=(-90,0,189) shift(x,y,z)=(0,-3.3,0)
[2019-08-04 10:57:41.956] [main] [info]   [14042_750_mL_Wine_Bottle_r_v1_L3]: current obj "D:\Data\3D\Render\RenderData\src_obj\obj\14042_750_mL_Wine_Bottle_r_v1_L3\14042_750_mL_Wine_Bottle_r_v1_L3_john.obj"
[2019-08-04 10:57:41.956] [main] [info]   [14042_750_mL_Wine_Bottle_r_v1_L3]: begin to create xmls "D:\Data\3D\Render\RenderData\dst_xml\14042_750_mL_Wine_Bottle_r_v1_L3_xml\14042_750_mL_Wine_Bottle_r_v1_L3_*.xml"
[2019-08-04 10:57:41.961] [main] [info]     |* modify_    1: rotate: (  0,  0,-30), emitter of envmap: (1.00), emitter of point-x: (-2.00)
[2019-08-04 10:57:41.966] [main] [info]     |* modify_    2: rotate: (  0,  0,-30), emitter of envmap: (1.00), emitter of point-x: (0.00)
[2019-08-04 10:57:41.971] [main] [info]     |* modify_    3: rotate: (  0,  0,  0), emitter of envmap: (1.00), emitter of point-x: (-2.00)
[2019-08-04 10:57:41.976] [main] [info]     |* modify_    4: rotate: (  0,  0,  0), emitter of envmap: (1.00), emitter of point-x: (0.00)
[2019-08-04 10:57:41.981] [main] [info]     |* modify_    5: rotate: (  0,  0, 30), emitter of envmap: (1.00), emitter of point-x: (-2.00)
[2019-08-04 10:57:41.986] [main] [info]     |* modify_    6: rotate: (  0,  0, 30), emitter of envmap: (1.00), emitter of point-x: (0.00)
[2019-08-04 10:57:41.987] [main] [info]     |- [STATISTICS] [14042_750_mL_Wine_Bottle_r_v1_L3]: now has [6] xml files.
[2019-08-04 10:57:41.989] [main] [info]     |- [STATISTICS] [14042_750_mL_Wine_Bottle_r_v1_L3]: now has [2] texture files.
[2019-08-04 10:57:42.022] [main] [info]     |* update texture: "1.jpg" -> "D:\Data\3D\Render\RenderData\src_obj\obj\14042_750_mL_Wine_Bottle_r_v1_L3\14042_750_mL_Wine_Bottle_dfinal.jpg"
[2019-08-04 10:57:42.037] [main] [info]     |  command > "mitsuba D:\Data\3D\Render\RenderData\dst_xml\14042_750_mL_Wine_Bottle_r_v1_L3_xml\14042_750_mL_Wine_Bottle_r_v1_L3_1.xml D:\Data\3D\Render\RenderData\dst_xml\14042_750_mL_Wine_Bottle_r_v1_L3_xml\14042_750_mL_Wine_Bottle_r_v1_L3_2.xml D:\Data\3D\Render\RenderData\dst_xml\14042_750_mL_Wine_Bottle_r_v1_L3_xml\14042_750_mL_Wine_Bottle_r_v1_L3_3.xml"
[2019-08-04 10:57:45.676] [main] [info]     |  command > "mitsuba D:\Data\3D\Render\RenderData\dst_xml\14042_750_mL_Wine_Bottle_r_v1_L3_xml\14042_750_mL_Wine_Bottle_r_v1_L3_4.xml D:\Data\3D\Render\RenderData\dst_xml\14042_750_mL_Wine_Bottle_r_v1_L3_xml\14042_750_mL_Wine_Bottle_r_v1_L3_5.xml D:\Data\3D\Render\RenderData\dst_xml\14042_750_mL_Wine_Bottle_r_v1_L3_xml\14042_750_mL_Wine_Bottle_r_v1_L3_6.xml"
[2019-08-04 10:57:49.249] [main] [info]     |* update texture: "2.jpg" -> "D:\Data\3D\Render\RenderData\src_obj\obj\14042_750_mL_Wine_Bottle_r_v1_L3\14042_750_mL_Wine_Bottle_dfinal.jpg"
[2019-08-04 10:57:49.272] [main] [info]     |  command > "mitsuba D:\Data\3D\Render\RenderData\dst_xml\14042_750_mL_Wine_Bottle_r_v1_L3_xml\14042_750_mL_Wine_Bottle_r_v1_L3_1.xml D:\Data\3D\Render\RenderData\dst_xml\14042_750_mL_Wine_Bottle_r_v1_L3_xml\14042_750_mL_Wine_Bottle_r_v1_L3_2.xml D:\Data\3D\Render\RenderData\dst_xml\14042_750_mL_Wine_Bottle_r_v1_L3_xml\14042_750_mL_Wine_Bottle_r_v1_L3_3.xml"
[2019-08-04 10:57:52.735] [main] [info]     |  command > "mitsuba D:\Data\3D\Render\RenderData\dst_xml\14042_750_mL_Wine_Bottle_r_v1_L3_xml\14042_750_mL_Wine_Bottle_r_v1_L3_4.xml D:\Data\3D\Render\RenderData\dst_xml\14042_750_mL_Wine_Bottle_r_v1_L3_xml\14042_750_mL_Wine_Bottle_r_v1_L3_5.xml D:\Data\3D\Render\RenderData\dst_xml\14042_750_mL_Wine_Bottle_r_v1_L3_xml\14042_750_mL_Wine_Bottle_r_v1_L3_6.xml"
[2019-08-04 10:57:56.406] [main] [info]     |  command > "mtsutil tonemap D:\Data\3D\Render\RenderData\dst_xml\14042_750_mL_Wine_Bottle_r_v1_L3_exr\14042_750_mL_Wine_Bottle_r_v1_L3_1_1.exr D:\Data\3D\Render\RenderData\dst_xml\14042_750_mL_Wine_Bottle_r_v1_L3_exr\14042_750_mL_Wine_Bottle_r_v1_L3_1_2.exr D:\Data\3D\Render\RenderData\dst_xml\14042_750_mL_Wine_Bottle_r_v1_L3_exr\14042_750_mL_Wine_Bottle_r_v1_L3_2_1.exr D:\Data\3D\Render\RenderData\dst_xml\14042_750_mL_Wine_Bottle_r_v1_L3_exr\14042_750_mL_Wine_Bottle_r_v1_L3_2_2.exr D:\Data\3D\Render\RenderData\dst_xml\14042_750_mL_Wine_Bottle_r_v1_L3_exr\14042_750_mL_Wine_Bottle_r_v1_L3_3_1.exr D:\Data\3D\Render\RenderData\dst_xml\14042_750_mL_Wine_Bottle_r_v1_L3_exr\14042_750_mL_Wine_Bottle_r_v1_L3_3_2.exr D:\Data\3D\Render\RenderData\dst_xml\14042_750_mL_Wine_Bottle_r_v1_L3_exr\14042_750_mL_Wine_Bottle_r_v1_L3_4_1.exr D:\Data\3D\Render\RenderData\dst_xml\14042_750_mL_Wine_Bottle_r_v1_L3_exr\14042_750_mL_Wine_Bottle_r_v1_L3_4_2.exr D:\Data\3D\Render\RenderData\dst_xml\14042_750_mL_Wine_Bottle_r_v1_L3_exr\14042_750_mL_Wine_Bottle_r_v1_L3_5_1.exr D:\Data\3D\Render\RenderData\dst_xml\14042_750_mL_Wine_Bottle_r_v1_L3_exr\14042_750_mL_Wine_Bottle_r_v1_L3_5_2.exr D:\Data\3D\Render\RenderData\dst_xml\14042_750_mL_Wine_Bottle_r_v1_L3_exr\14042_750_mL_Wine_Bottle_r_v1_L3_6_1.exr D:\Data\3D\Render\RenderData\dst_xml\14042_750_mL_Wine_Bottle_r_v1_L3_exr\14042_750_mL_Wine_Bottle_r_v1_L3_6_2.exr"
[2019-08-04 10:57:59.462] [main] [info]   [14042_750_mL_Wine_Bottle_r_v1_L3]: generated targets to "D:\Data\3D\Render\RenderData\dst_png\" successfully.
[2019-08-04 10:57:59.462] [main] [info] =>[NO.2] [coca-cola_jo]
[2019-08-04 10:57:59.604] [main] [info] ->[coca-cola_jo]: objRoi(leftTopX,leftTopY,rightBottomX,rightBottomY)=(0,0,193,243)
[2019-08-04 10:57:59.616] [main] [info] ->[coca-cola_jo]: begin to create new textures for this object in path D:\Data\3D\Render\RenderData\dst_xml\coca-cola_jo_texture\
[2019-08-04 10:57:59.845] [main] [info] ->[coca-cola_jo]: baseObjScale=1.10 rotate(x,y,z)=(0,150,0) shift(x,y,z)=(0,0,0)
[2019-08-04 10:57:59.845] [main] [info]   [coca-cola_jo]: current obj "D:\Data\3D\Render\RenderData\src_obj\obj\coca-cola_jo\coca-cola.obj"
[2019-08-04 10:57:59.845] [main] [info]   [coca-cola_jo]: begin to create xmls "D:\Data\3D\Render\RenderData\dst_xml\coca-cola_jo_xml\coca-cola_jo_*.xml"
[2019-08-04 10:57:59.847] [main] [info]     |* modify_    1: rotate: (  0,  0,-30), emitter of envmap: (1.00), emitter of point-x: (-2.00)
[2019-08-04 10:57:59.849] [main] [info]     |* modify_    2: rotate: (  0,  0,-30), emitter of envmap: (1.00), emitter of point-x: (0.00)
[2019-08-04 10:57:59.851] [main] [info]     |* modify_    3: rotate: (  0,  0,  0), emitter of envmap: (1.00), emitter of point-x: (-2.00)
[2019-08-04 10:57:59.853] [main] [info]     |* modify_    4: rotate: (  0,  0,  0), emitter of envmap: (1.00), emitter of point-x: (0.00)
[2019-08-04 10:57:59.855] [main] [info]     |* modify_    5: rotate: (  0,  0, 30), emitter of envmap: (1.00), emitter of point-x: (-2.00)
[2019-08-04 10:57:59.905] [main] [info]     |* modify_    6: rotate: (  0,  0, 30), emitter of envmap: (1.00), emitter of point-x: (0.00)
[2019-08-04 10:57:59.905] [main] [info]     |- [STATISTICS] [coca-cola_jo]: now has [6] xml files.
[2019-08-04 10:57:59.906] [main] [info]     |- [STATISTICS] [coca-cola_jo]: now has [2] texture files.
[2019-08-04 10:57:59.945] [main] [info]     |* update texture: "1.jpg" -> "D:\Data\3D\Render\RenderData\src_obj\obj\coca-cola_jo\coca-cola-zero.jpg"
[2019-08-04 10:57:59.960] [main] [info]     |  command > "mitsuba D:\Data\3D\Render\RenderData\dst_xml\coca-cola_jo_xml\coca-cola_jo_1.xml D:\Data\3D\Render\RenderData\dst_xml\coca-cola_jo_xml\coca-cola_jo_2.xml D:\Data\3D\Render\RenderData\dst_xml\coca-cola_jo_xml\coca-cola_jo_3.xml"
[2019-08-04 10:58:01.448] [main] [info]     |  command > "mitsuba D:\Data\3D\Render\RenderData\dst_xml\coca-cola_jo_xml\coca-cola_jo_4.xml D:\Data\3D\Render\RenderData\dst_xml\coca-cola_jo_xml\coca-cola_jo_5.xml D:\Data\3D\Render\RenderData\dst_xml\coca-cola_jo_xml\coca-cola_jo_6.xml"
[2019-08-04 10:58:03.292] [main] [info]     |* update texture: "2.jpg" -> "D:\Data\3D\Render\RenderData\src_obj\obj\coca-cola_jo\coca-cola-zero.jpg"
[2019-08-04 10:58:03.303] [main] [info]     |  command > "mitsuba D:\Data\3D\Render\RenderData\dst_xml\coca-cola_jo_xml\coca-cola_jo_1.xml D:\Data\3D\Render\RenderData\dst_xml\coca-cola_jo_xml\coca-cola_jo_2.xml D:\Data\3D\Render\RenderData\dst_xml\coca-cola_jo_xml\coca-cola_jo_3.xml"
[2019-08-04 10:58:04.779] [main] [info]     |  command > "mitsuba D:\Data\3D\Render\RenderData\dst_xml\coca-cola_jo_xml\coca-cola_jo_4.xml D:\Data\3D\Render\RenderData\dst_xml\coca-cola_jo_xml\coca-cola_jo_5.xml D:\Data\3D\Render\RenderData\dst_xml\coca-cola_jo_xml\coca-cola_jo_6.xml"
[2019-08-04 10:58:06.699] [main] [info]     |  command > "mtsutil tonemap D:\Data\3D\Render\RenderData\dst_xml\coca-cola_jo_exr\coca-cola_jo_1_1.exr D:\Data\3D\Render\RenderData\dst_xml\coca-cola_jo_exr\coca-cola_jo_1_2.exr D:\Data\3D\Render\RenderData\dst_xml\coca-cola_jo_exr\coca-cola_jo_2_1.exr D:\Data\3D\Render\RenderData\dst_xml\coca-cola_jo_exr\coca-cola_jo_2_2.exr D:\Data\3D\Render\RenderData\dst_xml\coca-cola_jo_exr\coca-cola_jo_3_1.exr D:\Data\3D\Render\RenderData\dst_xml\coca-cola_jo_exr\coca-cola_jo_3_2.exr D:\Data\3D\Render\RenderData\dst_xml\coca-cola_jo_exr\coca-cola_jo_4_1.exr D:\Data\3D\Render\RenderData\dst_xml\coca-cola_jo_exr\coca-cola_jo_4_2.exr D:\Data\3D\Render\RenderData\dst_xml\coca-cola_jo_exr\coca-cola_jo_5_1.exr D:\Data\3D\Render\RenderData\dst_xml\coca-cola_jo_exr\coca-cola_jo_5_2.exr D:\Data\3D\Render\RenderData\dst_xml\coca-cola_jo_exr\coca-cola_jo_6_1.exr D:\Data\3D\Render\RenderData\dst_xml\coca-cola_jo_exr\coca-cola_jo_6_2.exr"
[2019-08-04 10:58:09.668] [main] [info]   [coca-cola_jo]: generated targets to "D:\Data\3D\Render\RenderData\dst_png\" successfully.
[2019-08-04 10:58:09.730] [main] [info] Done. ^_^
[2019-08-04 10:58:09.732] [main] [info] ========== Run Time: 0.5071 minutes. ==========
